couchjs 1229: /home/jhs/src/iris/couchdb/share/server/main.js
Call main
STDIN 1229: ["reset",{"reduce_limit":true,"timeout":5000}]
STDOUT 1229: true
STDIN 1229: ["add_fun","(function (doc) { emit(doc.foo, null); })"]
STDOUT 1229: true
STDIN 1229: ["map_doc",{"_id":"0","_rev":"1-ee9f6703bfe4e714f2ba378919fa2a2c","foo":null}]
STDOUT 1229: [[[null,null]]]
STDIN 1229: ["map_doc",{"_id":"1","_rev":"1-1153b140e4c8674e2e6425c94de860a0","foo":false}]
STDOUT 1229: [[[false,null]]]
STDIN 1229: ["map_doc",{"_id":"2","_rev":"1-89248382088d08ccb7183515daf390b8","foo":true}]
STDOUT 1229: [[[true,null]]]
STDIN 1229: ["map_doc",{"_id":"3","_rev":"1-4a7e4ae49c4366eaed8edeaea8f784ad","foo":1}]
STDOUT 1229: [[[1,null]]]
STDIN 1229: ["map_doc",{"_id":"4","_rev":"1-dca94a422db82506091d789d06b1300a","foo":2}]
STDOUT 1229: [[[2,null]]]
STDIN 1229: ["map_doc",{"_id":"5","_rev":"1-cd365c019d5c992d397f1a3f6028f5f1","foo":3}]
STDOUT 1229: [[[3,null]]]
STDIN 1229: ["map_doc",{"_id":"6","_rev":"1-80d7ea9795ad67ad0e7a1e567c15314e","foo":4}]
STDOUT 1229: [[[4,null]]]
STDIN 1229: ["map_doc",{"_id":"7","_rev":"1-3d7311732ac213e97e95c10eea3af78b","foo":"a"}]
STDOUT 1229: [[["a",null]]]
STDIN 1229: ["map_doc",{"_id":"8","_rev":"1-b351e6c44434c00e7ee5e174556b20a7","foo":"A"}]
STDOUT 1229: [[["A",null]]]
STDIN 1229: ["map_doc",{"_id":"9","_rev":"1-c46f30ab8cd4b26346a2af11734de927","foo":"aa"}]
STDOUT 1229: [[["aa",null]]]
STDIN 1229: ["map_doc",{"_id":"10","_rev":"1-3740b7a4c1dedbb739172c7f291cb680","foo":"b"}]
STDOUT 1229: [[["b",null]]]
STDIN 1229: ["map_doc",{"_id":"11","_rev":"1-0b976ed8c178c4331ebaad6c851a571d","foo":"B"}]
STDOUT 1229: [[["B",null]]]
STDIN 1229: ["map_doc",{"_id":"12","_rev":"1-39ee931588ccaa3bc190d1ae25e2244e","foo":"ba"}]
STDOUT 1229: [[["ba",null]]]
STDIN 1229: ["map_doc",{"_id":"13","_rev":"1-ec5229c2f00aabea24e656a4af0c353e","foo":"bb"}]
STDOUT 1229: [[["bb",null]]]
STDIN 1229: ["map_doc",{"_id":"14","_rev":"1-7c192a28d720abb49b344a4c69f6a12b","foo":["a"]}]
STDOUT 1229: [[[["a"],null]]]
STDIN 1229: ["map_doc",{"_id":"15","_rev":"1-3f3bad51d3a2af8d26fdfcf87fa6388c","foo":["b"]}]
STDOUT 1229: [[[["b"],null]]]
STDIN 1229: ["map_doc",{"_id":"16","_rev":"1-a73e44b61065fcc84622b918a6ee32ed","foo":["b","c"]}]
STDOUT 1229: [[[["b","c"],null]]]
STDIN 1229: ["map_doc",{"_id":"17","_rev":"1-dfddc916463087a10e1c7cbd5436ba1b","foo":["b","c","a"]}]
STDOUT 1229: [[[["b","c","a"],null]]]
STDIN 1229: ["map_doc",{"_id":"18","_rev":"1-8dbfb9ee2a263ef92348a78c69ddad9c","foo":["b","d"]}]
STDOUT 1229: [[[["b","d"],null]]]
STDIN 1229: ["map_doc",{"_id":"19","_rev":"1-9d155c9b5de6e154ecbdd06b6f87e824","foo":["b","d","e"]}]
STDOUT 1229: [[[["b","d","e"],null]]]
STDIN 1229: ["map_doc",{"_id":"20","_rev":"1-5e8f9f2c1ae74a95190572e1102d43d9","foo":{"a":1}}]
STDOUT 1229: [[[{"a":1},null]]]
STDIN 1229: ["map_doc",{"_id":"21","_rev":"1-bc01dc75187984e1c2397cbab26056d5","foo":{"a":2}}]
STDOUT 1229: [[[{"a":2},null]]]
STDIN 1229: ["map_doc",{"_id":"22","_rev":"1-2629c662f72b86803542e562680d790c","foo":{"b":1}}]
STDOUT 1229: [[[{"b":1},null]]]
STDIN 1229: ["map_doc",{"_id":"23","_rev":"1-9c9bd653ecfdffec45266fdabddff854","foo":{"b":2}}]
STDOUT 1229: [[[{"b":2},null]]]
STDIN 1229: ["map_doc",{"_id":"24","_rev":"1-a1c447a54e4005cc89dfe15902daf8cd","foo":{"b":2,"a":1}}]
STDOUT 1229: [[[{"b":2,"a":1},null]]]
STDIN 1229: ["map_doc",{"_id":"25","_rev":"1-7c5337adaea5f1d250647a4dc2141cb8","foo":{"b":2,"c":2}}]
STDOUT 1229: [[[{"b":2,"c":2},null]]]
Exit 1229
