couchjs 1430: /home/jhs/src/iris/couchdb/share/server/main.js
Call main
STDIN 1430: ["reset",{"reduce_limit":true,"timeout":5000}]
STDOUT 1430: true
STDIN 1430: ["add_fun","function (doc) {emit(doc.integer, doc.integer)};"]
STDOUT 1430: true
STDIN 1430: ["add_fun","function(doc) { emit(doc.integer, doc.string) }"]
STDOUT 1430: true
STDIN 1430: ["add_fun","function(doc) {for(var i = 0 ; i < 3 ; i++) { emit(i, doc.integer) ; } }"]
STDOUT 1430: true
STDIN 1430: ["map_doc",{"_id":"99","_rev":"1-463ef1de0f185aeab70ce3c346a96572","integer":99,"string":"99"}]
STDOUT 1430: [[[99,99]], [[99,"99"]], [[0,99],[1,99],[2,99]]]
STDIN 1430: ["map_doc",{"_id":"98","_rev":"1-579a861e75789ef6e04381ab2a40c911","integer":98,"string":"98"}]
STDOUT 1430: [[[98,98]], [[98,"98"]], [[0,98],[1,98],[2,98]]]
STDIN 1430: ["map_doc",{"_id":"97","_rev":"1-d7d2ef2c2e7a77ed6d6d8458c5b5e8fe","integer":97,"string":"97"}]
STDOUT 1430: [[[97,97]], [[97,"97"]], [[0,97],[1,97],[2,97]]]
STDIN 1430: ["map_doc",{"_id":"96","_rev":"1-a930d80afa35913e0736b37c9a4a97af","integer":96,"string":"96"}]
STDOUT 1430: [[[96,96]], [[96,"96"]], [[0,96],[1,96],[2,96]]]
STDIN 1430: ["map_doc",{"_id":"95","_rev":"1-0626ddc7dcb140597438c4cdec8d4ab2","integer":95,"string":"95"}]
STDOUT 1430: [[[95,95]], [[95,"95"]], [[0,95],[1,95],[2,95]]]
STDIN 1430: ["map_doc",{"_id":"94","_rev":"1-7e71e76eb4bd10510b252d564115c2cf","integer":94,"string":"94"}]
STDOUT 1430: [[[94,94]], [[94,"94"]], [[0,94],[1,94],[2,94]]]
STDIN 1430: ["map_doc",{"_id":"93","_rev":"1-14eaa60354f638e1b89ab3cbf00d7c15","integer":93,"string":"93"}]
STDOUT 1430: [[[93,93]], [[93,"93"]], [[0,93],[1,93],[2,93]]]
STDIN 1430: ["map_doc",{"_id":"92","_rev":"1-5bbf993366cb699dced38d2aff9d5ceb","integer":92,"string":"92"}]
STDOUT 1430: [[[92,92]], [[92,"92"]], [[0,92],[1,92],[2,92]]]
STDIN 1430: ["map_doc",{"_id":"91","_rev":"1-48e4d50385e94b6c45ff6c3c03424ff7","integer":91,"string":"91"}]
STDOUT 1430: [[[91,91]], [[91,"91"]], [[0,91],[1,91],[2,91]]]
STDIN 1430: ["map_doc",{"_id":"90","_rev":"1-898fda499fddf467872504f24901e19b","integer":90,"string":"90"}]
STDOUT 1430: [[[90,90]], [[90,"90"]], [[0,90],[1,90],[2,90]]]
STDIN 1430: ["map_doc",{"_id":"9","_rev":"1-6ab31ac521c4ed8b040735cf2b5905c8","integer":9,"string":"9"}]
STDOUT 1430: [[[9,9]], [[9,"9"]], [[0,9],[1,9],[2,9]]]
STDIN 1430: ["map_doc",{"_id":"89","_rev":"1-61aeb3767c72298ad60edbd16d570dac","integer":89,"string":"89"}]
STDOUT 1430: [[[89,89]], [[89,"89"]], [[0,89],[1,89],[2,89]]]
STDIN 1430: ["map_doc",{"_id":"88","_rev":"1-0630f7be1a70e04e2b2568e5dc696053","integer":88,"string":"88"}]
STDOUT 1430: [[[88,88]], [[88,"88"]], [[0,88],[1,88],[2,88]]]
STDIN 1430: ["map_doc",{"_id":"87","_rev":"1-13ca358eb628b3a29a7fd8947ca5ed1c","integer":87,"string":"87"}]
STDOUT 1430: [[[87,87]], [[87,"87"]], [[0,87],[1,87],[2,87]]]
STDIN 1430: ["map_doc",{"_id":"86","_rev":"1-ff952f12a6751869166a4480b3cb8715","integer":86,"string":"86"}]
STDOUT 1430: [[[86,86]], [[86,"86"]], [[0,86],[1,86],[2,86]]]
STDIN 1430: ["map_doc",{"_id":"85","_rev":"1-178a28e33bbb908e206d6d79022e9e0f","integer":85,"string":"85"}]
STDOUT 1430: [[[85,85]], [[85,"85"]], [[0,85],[1,85],[2,85]]]
STDIN 1430: ["map_doc",{"_id":"84","_rev":"1-bf0e2b82ac6920ff4418a99490de6cf1","integer":84,"string":"84"}]
STDOUT 1430: [[[84,84]], [[84,"84"]], [[0,84],[1,84],[2,84]]]
STDIN 1430: ["map_doc",{"_id":"83","_rev":"1-3876da47725b787818305122371dc0d7","integer":83,"string":"83"}]
STDOUT 1430: [[[83,83]], [[83,"83"]], [[0,83],[1,83],[2,83]]]
STDIN 1430: ["map_doc",{"_id":"82","_rev":"1-7e80be94e79524563c5e1dbae335130b","integer":82,"string":"82"}]
STDOUT 1430: [[[82,82]], [[82,"82"]], [[0,82],[1,82],[2,82]]]
STDIN 1430: ["map_doc",{"_id":"81","_rev":"1-3f19158926beed19aa8143b0d45fdc8d","integer":81,"string":"81"}]
STDOUT 1430: [[[81,81]], [[81,"81"]], [[0,81],[1,81],[2,81]]]
STDIN 1430: ["map_doc",{"_id":"80","_rev":"1-22580f8f577ddbf2c20c2c8683b476bf","integer":80,"string":"80"}]
STDOUT 1430: [[[80,80]], [[80,"80"]], [[0,80],[1,80],[2,80]]]
STDIN 1430: ["map_doc",{"_id":"8","_rev":"1-bbc9c5c25be0160f6586cb7debd01d86","integer":8,"string":"8"}]
STDOUT 1430: [[[8,8]], [[8,"8"]], [[0,8],[1,8],[2,8]]]
STDIN 1430: ["map_doc",{"_id":"79","_rev":"1-fe21e872f516f618bbb62fca862a8218","integer":79,"string":"79"}]
STDOUT 1430: [[[79,79]], [[79,"79"]], [[0,79],[1,79],[2,79]]]
STDIN 1430: ["map_doc",{"_id":"78","_rev":"1-3c17d5046bc7c7f4386de8d7437518b7","integer":78,"string":"78"}]
STDOUT 1430: [[[78,78]], [[78,"78"]], [[0,78],[1,78],[2,78]]]
STDIN 1430: ["map_doc",{"_id":"77","_rev":"1-e0b2b00b43bbb62702ac5cf178da75af","integer":77,"string":"77"}]
STDOUT 1430: [[[77,77]], [[77,"77"]], [[0,77],[1,77],[2,77]]]
STDIN 1430: ["map_doc",{"_id":"76","_rev":"1-41d0f9c5a87dadbc9476df2061505178","integer":76,"string":"76"}]
STDOUT 1430: [[[76,76]], [[76,"76"]], [[0,76],[1,76],[2,76]]]
STDIN 1430: ["map_doc",{"_id":"75","_rev":"1-93cda14986f76b57d0157a23d501b5a7","integer":75,"string":"75"}]
STDOUT 1430: [[[75,75]], [[75,"75"]], [[0,75],[1,75],[2,75]]]
STDIN 1430: ["map_doc",{"_id":"74","_rev":"1-093debeee617c2c80afd64e33cef83f7","integer":74,"string":"74"}]
STDOUT 1430: [[[74,74]], [[74,"74"]], [[0,74],[1,74],[2,74]]]
STDIN 1430: ["map_doc",{"_id":"73","_rev":"1-80dd08ba4bb117da69733c2d1a4f6f80","integer":73,"string":"73"}]
STDOUT 1430: [[[73,73]], [[73,"73"]], [[0,73],[1,73],[2,73]]]
STDIN 1430: ["map_doc",{"_id":"72","_rev":"1-fa3969ed8adbc89b1551c2a5df30df51","integer":72,"string":"72"}]
STDOUT 1430: [[[72,72]], [[72,"72"]], [[0,72],[1,72],[2,72]]]
STDIN 1430: ["map_doc",{"_id":"71","_rev":"1-6cb7f3c170eed6420a2210791292309c","integer":71,"string":"71"}]
STDOUT 1430: [[[71,71]], [[71,"71"]], [[0,71],[1,71],[2,71]]]
STDIN 1430: ["map_doc",{"_id":"70","_rev":"1-abdc6ed94e06d8126a856b135c369df1","integer":70,"string":"70"}]
STDOUT 1430: [[[70,70]], [[70,"70"]], [[0,70],[1,70],[2,70]]]
STDIN 1430: ["map_doc",{"_id":"7","_rev":"1-be2f70ef4d651cc3b00116b885cc8f3f","integer":7,"string":"7"}]
STDOUT 1430: [[[7,7]], [[7,"7"]], [[0,7],[1,7],[2,7]]]
STDIN 1430: ["map_doc",{"_id":"69","_rev":"1-aeeb134a1ae5466e33a2a2ca329cfd4b","integer":69,"string":"69"}]
STDOUT 1430: [[[69,69]], [[69,"69"]], [[0,69],[1,69],[2,69]]]
STDIN 1430: ["map_doc",{"_id":"68","_rev":"1-958b1633a424ab1317e9e8bcd332c04a","integer":68,"string":"68"}]
STDOUT 1430: [[[68,68]], [[68,"68"]], [[0,68],[1,68],[2,68]]]
STDIN 1430: ["map_doc",{"_id":"67","_rev":"1-b0c9e6464e401baf09c2b396b6313e55","integer":67,"string":"67"}]
STDOUT 1430: [[[67,67]], [[67,"67"]], [[0,67],[1,67],[2,67]]]
STDIN 1430: ["map_doc",{"_id":"66","_rev":"1-5fa2f08cd602eef03b5a2b92651eb52d","integer":66,"string":"66"}]
STDOUT 1430: [[[66,66]], [[66,"66"]], [[0,66],[1,66],[2,66]]]
STDIN 1430: ["map_doc",{"_id":"65","_rev":"1-d3552c1d1310bfd79eaa375b4112d7f8","integer":65,"string":"65"}]
STDOUT 1430: [[[65,65]], [[65,"65"]], [[0,65],[1,65],[2,65]]]
STDIN 1430: ["map_doc",{"_id":"64","_rev":"1-438cc3e698f0254cb6b2c073fb12bbb3","integer":64,"string":"64"}]
STDOUT 1430: [[[64,64]], [[64,"64"]], [[0,64],[1,64],[2,64]]]
STDIN 1430: ["map_doc",{"_id":"63","_rev":"1-6cc614641e3e498bc6a826159b11aa75","integer":63,"string":"63"}]
STDOUT 1430: [[[63,63]], [[63,"63"]], [[0,63],[1,63],[2,63]]]
STDIN 1430: ["map_doc",{"_id":"62","_rev":"1-027e2de1ad145fc045fc8a10c8a9c9cf","integer":62,"string":"62"}]
STDOUT 1430: [[[62,62]], [[62,"62"]], [[0,62],[1,62],[2,62]]]
STDIN 1430: ["map_doc",{"_id":"61","_rev":"1-e47eed17855d4d490494959a34bda24e","integer":61,"string":"61"}]
STDOUT 1430: [[[61,61]], [[61,"61"]], [[0,61],[1,61],[2,61]]]
STDIN 1430: ["map_doc",{"_id":"60","_rev":"1-7087b9c1b9d8fb9b2ce3bc37cf89accc","integer":60,"string":"60"}]
STDOUT 1430: [[[60,60]], [[60,"60"]], [[0,60],[1,60],[2,60]]]
STDIN 1430: ["map_doc",{"_id":"6","_rev":"1-a464eb169bf4bef03f2da25a92d683de","integer":6,"string":"6"}]
STDOUT 1430: [[[6,6]], [[6,"6"]], [[0,6],[1,6],[2,6]]]
STDIN 1430: ["map_doc",{"_id":"59","_rev":"1-6057d8220a10aeb5dfbabf2bfe2d2a8f","integer":59,"string":"59"}]
STDOUT 1430: [[[59,59]], [[59,"59"]], [[0,59],[1,59],[2,59]]]
STDIN 1430: ["map_doc",{"_id":"58","_rev":"1-da2a665e650fd570025288478eccd890","integer":58,"string":"58"}]
STDOUT 1430: [[[58,58]], [[58,"58"]], [[0,58],[1,58],[2,58]]]
STDIN 1430: ["map_doc",{"_id":"57","_rev":"1-009a40ee0dbcb4e598af9c617183fca8","integer":57,"string":"57"}]
STDOUT 1430: [[[57,57]], [[57,"57"]], [[0,57],[1,57],[2,57]]]
STDIN 1430: ["map_doc",{"_id":"56","_rev":"1-6ee7c9034da3130b24b3b1f78950b38d","integer":56,"string":"56"}]
STDOUT 1430: [[[56,56]], [[56,"56"]], [[0,56],[1,56],[2,56]]]
STDIN 1430: ["map_doc",{"_id":"55","_rev":"1-d69d5244a4fdd81fc6a68700dd8fa1fc","integer":55,"string":"55"}]
STDOUT 1430: [[[55,55]], [[55,"55"]], [[0,55],[1,55],[2,55]]]
STDIN 1430: ["map_doc",{"_id":"54","_rev":"1-f33928b57b3ca7e9a74e19f70a7a7f60","integer":54,"string":"54"}]
STDOUT 1430: [[[54,54]], [[54,"54"]], [[0,54],[1,54],[2,54]]]
STDIN 1430: ["map_doc",{"_id":"53","_rev":"1-1113acf49325a9a7ac7e3b1eaeeb5fb3","integer":53,"string":"53"}]
STDOUT 1430: [[[53,53]], [[53,"53"]], [[0,53],[1,53],[2,53]]]
STDIN 1430: ["map_doc",{"_id":"52","_rev":"1-c950dfc8bfd8c2260079e19c365ef87e","integer":52,"string":"52"}]
STDOUT 1430: [[[52,52]], [[52,"52"]], [[0,52],[1,52],[2,52]]]
STDIN 1430: ["map_doc",{"_id":"51","_rev":"1-43b0b10aa8929a4aad5c3cff5469fdcd","integer":51,"string":"51"}]
STDOUT 1430: [[[51,51]], [[51,"51"]], [[0,51],[1,51],[2,51]]]
STDIN 1430: ["map_doc",{"_id":"50","_rev":"1-bdd3790a394687d6d071b391b56ddb17","integer":50,"string":"50"}]
STDOUT 1430: [[[50,50]], [[50,"50"]], [[0,50],[1,50],[2,50]]]
STDIN 1430: ["map_doc",{"_id":"5","_rev":"1-6272df1bc7b233a27b4c73c9edc6157e","integer":5,"string":"5"}]
STDOUT 1430: [[[5,5]], [[5,"5"]], [[0,5],[1,5],[2,5]]]
STDIN 1430: ["map_doc",{"_id":"49","_rev":"1-c699cab1b142835547d7eb49a52cc63f","integer":49,"string":"49"}]
STDOUT 1430: [[[49,49]], [[49,"49"]], [[0,49],[1,49],[2,49]]]
STDIN 1430: ["map_doc",{"_id":"48","_rev":"1-67dff38802f111e49ded40ed21e9f6fd","integer":48,"string":"48"}]
STDOUT 1430: [[[48,48]], [[48,"48"]], [[0,48],[1,48],[2,48]]]
STDIN 1430: ["map_doc",{"_id":"47","_rev":"1-75b75b313befeb13773ebd0aea6e13b9","integer":47,"string":"47"}]
STDOUT 1430: [[[47,47]], [[47,"47"]], [[0,47],[1,47],[2,47]]]
STDIN 1430: ["map_doc",{"_id":"46","_rev":"1-2c3bf4540d08472dd27c1dd02fa6204e","integer":46,"string":"46"}]
STDOUT 1430: [[[46,46]], [[46,"46"]], [[0,46],[1,46],[2,46]]]
STDIN 1430: ["map_doc",{"_id":"45","_rev":"1-7984875c561bfff34b0808fce96eb5ba","integer":45,"string":"45"}]
STDOUT 1430: [[[45,45]], [[45,"45"]], [[0,45],[1,45],[2,45]]]
STDIN 1430: ["map_doc",{"_id":"44","_rev":"1-7c4104f317cf421727a7f0aee726a064","integer":44,"string":"44"}]
STDOUT 1430: [[[44,44]], [[44,"44"]], [[0,44],[1,44],[2,44]]]
STDIN 1430: ["map_doc",{"_id":"43","_rev":"1-5aeeaa98553bbd649558988b1efb1202","integer":43,"string":"43"}]
STDOUT 1430: [[[43,43]], [[43,"43"]], [[0,43],[1,43],[2,43]]]
STDIN 1430: ["map_doc",{"_id":"42","_rev":"1-17d5ab25dd6112d859c5fd59b5ce647f","integer":42,"string":"42"}]
STDOUT 1430: [[[42,42]], [[42,"42"]], [[0,42],[1,42],[2,42]]]
STDIN 1430: ["map_doc",{"_id":"41","_rev":"1-10317342fc56b1d35a8001bf5daf7e1b","integer":41,"string":"41"}]
STDOUT 1430: [[[41,41]], [[41,"41"]], [[0,41],[1,41],[2,41]]]
STDIN 1430: ["map_doc",{"_id":"40","_rev":"1-ec7af77effc17e06d277ac224da9aad9","integer":40,"string":"40"}]
STDOUT 1430: [[[40,40]], [[40,"40"]], [[0,40],[1,40],[2,40]]]
STDIN 1430: ["map_doc",{"_id":"4","_rev":"1-d528a53e5fda9db9a880bb87f0569ada","integer":4,"string":"4"}]
STDOUT 1430: [[[4,4]], [[4,"4"]], [[0,4],[1,4],[2,4]]]
STDIN 1430: ["map_doc",{"_id":"39","_rev":"1-33744fb97b5321d9a55e5158f61794a1","integer":39,"string":"39"}]
STDOUT 1430: [[[39,39]], [[39,"39"]], [[0,39],[1,39],[2,39]]]
STDIN 1430: ["map_doc",{"_id":"38","_rev":"1-61bc0a75f22eb20940f959b5d4b9ef58","integer":38,"string":"38"}]
STDOUT 1430: [[[38,38]], [[38,"38"]], [[0,38],[1,38],[2,38]]]
STDIN 1430: ["map_doc",{"_id":"37","_rev":"1-6bbd04e61c92f230c53fe83feaaf99ad","integer":37,"string":"37"}]
STDOUT 1430: [[[37,37]], [[37,"37"]], [[0,37],[1,37],[2,37]]]
STDIN 1430: ["map_doc",{"_id":"36","_rev":"1-13b5e7ae74bc05e69257a40e007bedc6","integer":36,"string":"36"}]
STDOUT 1430: [[[36,36]], [[36,"36"]], [[0,36],[1,36],[2,36]]]
STDIN 1430: ["map_doc",{"_id":"35","_rev":"1-6df91a120539efa30f86b80f1db99332","integer":35,"string":"35"}]
STDOUT 1430: [[[35,35]], [[35,"35"]], [[0,35],[1,35],[2,35]]]
STDIN 1430: ["map_doc",{"_id":"34","_rev":"1-0ee0ce35f6e49d5cf819d15d889fdcc0","integer":34,"string":"34"}]
STDOUT 1430: [[[34,34]], [[34,"34"]], [[0,34],[1,34],[2,34]]]
STDIN 1430: ["map_doc",{"_id":"33","_rev":"1-94ea543e1ef1260be9c75690ae68e6c6","integer":33,"string":"33"}]
STDOUT 1430: [[[33,33]], [[33,"33"]], [[0,33],[1,33],[2,33]]]
STDIN 1430: ["map_doc",{"_id":"32","_rev":"1-d48d3ea26151edd23a20dbd7f18ec9fb","integer":32,"string":"32"}]
STDOUT 1430: [[[32,32]], [[32,"32"]], [[0,32],[1,32],[2,32]]]
STDIN 1430: ["map_doc",{"_id":"31","_rev":"1-e4fa4818371322dac93f4a4a7957e69d","integer":31,"string":"31"}]
STDOUT 1430: [[[31,31]], [[31,"31"]], [[0,31],[1,31],[2,31]]]
STDIN 1430: ["map_doc",{"_id":"30","_rev":"1-2caeb8875a4d87f9dae3535022744785","integer":30,"string":"30"}]
STDOUT 1430: [[[30,30]], [[30,"30"]], [[0,30],[1,30],[2,30]]]
STDIN 1430: ["map_doc",{"_id":"3","_rev":"1-3053f309b150e09ff17864eb014303e3","integer":3,"string":"3"}]
STDOUT 1430: [[[3,3]], [[3,"3"]], [[0,3],[1,3],[2,3]]]
STDIN 1430: ["map_doc",{"_id":"29","_rev":"1-82600eb25eacd274322586029359807f","integer":29,"string":"29"}]
STDOUT 1430: [[[29,29]], [[29,"29"]], [[0,29],[1,29],[2,29]]]
STDIN 1430: ["map_doc",{"_id":"28","_rev":"1-477868a9559242e4ff3cbfe4067f7d48","integer":28,"string":"28"}]
STDOUT 1430: [[[28,28]], [[28,"28"]], [[0,28],[1,28],[2,28]]]
STDIN 1430: ["map_doc",{"_id":"27","_rev":"1-3c4931739c79245057eb9d55469803fd","integer":27,"string":"27"}]
STDOUT 1430: [[[27,27]], [[27,"27"]], [[0,27],[1,27],[2,27]]]
STDIN 1430: ["map_doc",{"_id":"26","_rev":"1-9418a3a37e4c7709b5eb5639135cc3b0","integer":26,"string":"26"}]
STDOUT 1430: [[[26,26]], [[26,"26"]], [[0,26],[1,26],[2,26]]]
STDIN 1430: ["map_doc",{"_id":"25","_rev":"1-da0cd74252d2ce14c6372d0f283e39d4","integer":25,"string":"25"}]
STDOUT 1430: [[[25,25]], [[25,"25"]], [[0,25],[1,25],[2,25]]]
STDIN 1430: ["map_doc",{"_id":"24","_rev":"1-cc1f7382c9d75092726aa8becc4457ae","integer":24,"string":"24"}]
STDOUT 1430: [[[24,24]], [[24,"24"]], [[0,24],[1,24],[2,24]]]
STDIN 1430: ["map_doc",{"_id":"23","_rev":"1-a1f71345eeb8d26d58c90be75135090f","integer":23,"string":"23"}]
STDOUT 1430: [[[23,23]], [[23,"23"]], [[0,23],[1,23],[2,23]]]
STDIN 1430: ["map_doc",{"_id":"22","_rev":"1-59b7cc00fbdb2d020974227eafbf0d9a","integer":22,"string":"22"}]
STDOUT 1430: [[[22,22]], [[22,"22"]], [[0,22],[1,22],[2,22]]]
STDIN 1430: ["map_doc",{"_id":"21","_rev":"1-b112e035bbb1032baa77b3077c9a6c4f","integer":21,"string":"21"}]
STDOUT 1430: [[[21,21]], [[21,"21"]], [[0,21],[1,21],[2,21]]]
STDIN 1430: ["map_doc",{"_id":"20","_rev":"1-118365021825b053db2ec3fbe8e498ae","integer":20,"string":"20"}]
STDOUT 1430: [[[20,20]], [[20,"20"]], [[0,20],[1,20],[2,20]]]
STDIN 1430: ["map_doc",{"_id":"2","_rev":"1-478fb5fc57ba2089bc2f59bba7a9d461","integer":2,"string":"2"}]
STDOUT 1430: [[[2,2]], [[2,"2"]], [[0,2],[1,2],[2,2]]]
STDIN 1430: ["map_doc",{"_id":"19","_rev":"1-6b537ba9c38381aeb1d162e6c0692282","integer":19,"string":"19"}]
STDOUT 1430: [[[19,19]], [[19,"19"]], [[0,19],[1,19],[2,19]]]
STDIN 1430: ["map_doc",{"_id":"18","_rev":"1-e89b2709b4057d6e1caf066c80a786f2","integer":18,"string":"18"}]
STDOUT 1430: [[[18,18]], [[18,"18"]], [[0,18],[1,18],[2,18]]]
STDIN 1430: ["map_doc",{"_id":"17","_rev":"1-8fc7cbf0338ddd7ede3cd101b1366f88","integer":17,"string":"17"}]
STDOUT 1430: [[[17,17]], [[17,"17"]], [[0,17],[1,17],[2,17]]]
STDIN 1430: ["map_doc",{"_id":"16","_rev":"1-dd215239e1c79594480514522d3efa27","integer":16,"string":"16"}]
STDOUT 1430: [[[16,16]], [[16,"16"]], [[0,16],[1,16],[2,16]]]
STDIN 1430: ["map_doc",{"_id":"15","_rev":"1-7ae972ab3042bce4e64ec7616f4f7d1c","integer":15,"string":"15"}]
STDOUT 1430: [[[15,15]], [[15,"15"]], [[0,15],[1,15],[2,15]]]
STDIN 1430: ["map_doc",{"_id":"14","_rev":"1-9180443f38f9b3342aab7b8033fa0dfa","integer":14,"string":"14"}]
STDOUT 1430: [[[14,14]], [[14,"14"]], [[0,14],[1,14],[2,14]]]
STDIN 1430: ["map_doc",{"_id":"13","_rev":"1-950698917f7a7e95a2db8f426901fd75","integer":13,"string":"13"}]
STDOUT 1430: [[[13,13]], [[13,"13"]], [[0,13],[1,13],[2,13]]]
STDIN 1430: ["map_doc",{"_id":"12","_rev":"1-467045da9254cff0a9f081402785fdc2","integer":12,"string":"12"}]
STDOUT 1430: [[[12,12]], [[12,"12"]], [[0,12],[1,12],[2,12]]]
STDIN 1430: ["map_doc",{"_id":"11","_rev":"1-3bc903480bafb2b46949c7167361edba","integer":11,"string":"11"}]
STDOUT 1430: [[[11,11]], [[11,"11"]], [[0,11],[1,11],[2,11]]]
STDIN 1430: ["map_doc",{"_id":"10","_rev":"1-2ae932315dbc932e21182ffeeda92a12","integer":10,"string":"10"}]
STDOUT 1430: [[[10,10]], [[10,"10"]], [[0,10],[1,10],[2,10]]]
STDIN 1430: ["map_doc",{"_id":"1","_rev":"1-7ece8efbef651dc8e2c359bc6dcef808","integer":1,"string":"1"}]
STDOUT 1430: [[[1,1]], [[1,"1"]], [[0,1],[1,1],[2,1]]]
STDIN 1430: ["map_doc",{"_id":"0","_rev":"1-f656cd1a0042ef6e0958b428fe7bfb06","integer":0,"string":"0"}]
STDOUT 1430: [[[0,0]], [[0,"0"]], [[0,0],[1,0],[2,0]]]
STDIN 1430: ["reset",{"reduce_limit":true,"timeout":5000}]
STDOUT 1430: true
STDIN 1430: ["reduce",["function (keys, values) { return sum(values); };"],[[[0,"0"],0],[[1,"1"],1],[[2,"2"],2],[[3,"3"],3],[[4,"4"],4],[[5,"5"],5],[[6,"6"],6],[[7,"7"],7],[[8,"8"],8],[[9,"9"],9],[[10,"10"],10],[[11,"11"],11],[[12,"12"],12],[[13,"13"],13],[[14,"14"],14],[[15,"15"],15],[[16,"16"],16],[[17,"17"],17],[[18,"18"],18],[[19,"19"],19],[[20,"20"],20],[[21,"21"],21],[[22,"22"],22],[[23,"23"],23],[[24,"24"],24],[[25,"25"],25],[[26,"26"],26],[[27,"27"],27],[[28,"28"],28],[[29,"29"],29],[[30,"30"],30],[[31,"31"],31],[[32,"32"],32],[[33,"33"],33],[[34,"34"],34],[[35,"35"],35],[[36,"36"],36],[[37,"37"],37],[[38,"38"],38],[[39,"39"],39],[[40,"40"],40],[[41,"41"],41],[[42,"42"],42],[[43,"43"],43],[[44,"44"],44],[[45,"45"],45],[[46,"46"],46],[[47,"47"],47],[[48,"48"],48]]]
STDOUT 1430: [true,[1176]]
STDIN 1430: ["reset",{"reduce_limit":true,"timeout":5000}]
STDOUT 1430: true
STDIN 1430: ["reduce",["function (keys, values) { return sum(values); };"],[[[49,"49"],49],[[50,"50"],50],[[51,"51"],51],[[52,"52"],52],[[53,"53"],53],[[54,"54"],54],[[55,"55"],55],[[56,"56"],56],[[57,"57"],57],[[58,"58"],58],[[59,"59"],59],[[60,"60"],60],[[61,"61"],61],[[62,"62"],62],[[63,"63"],63],[[64,"64"],64],[[65,"65"],65],[[66,"66"],66],[[67,"67"],67],[[68,"68"],68],[[69,"69"],69],[[70,"70"],70],[[71,"71"],71],[[72,"72"],72],[[73,"73"],73],[[74,"74"],74],[[75,"75"],75],[[76,"76"],76],[[77,"77"],77],[[78,"78"],78],[[79,"79"],79],[[80,"80"],80],[[81,"81"],81],[[82,"82"],82],[[83,"83"],83],[[84,"84"],84],[[85,"85"],85],[[86,"86"],86],[[87,"87"],87],[[88,"88"],88],[[89,"89"],89],[[90,"90"],90],[[91,"91"],91],[[92,"92"],92],[[93,"93"],93],[[94,"94"],94],[[95,"95"],95],[[96,"96"],96]]]
STDOUT 1430: [true,[3480]]
STDIN 1430: ["reset",{"reduce_limit":true,"timeout":5000}]
STDOUT 1430: true
STDIN 1430: ["reduce",["function (keys, values) { return sum(values); };"],[[[97,"97"],97],[[98,"98"],98],[[99,"99"],99]]]
STDOUT 1430: [true,[294]]
STDIN 1430: ["reset",{"reduce_limit":true,"timeout":5000}]
STDOUT 1430: true
STDIN 1430: ["rereduce",["function (keys, values) { return sum(values); };"],[294,3480,1176]]
STDOUT 1430: [true,[4950]]
STDIN 1430: ["reset",{"reduce_limit":true,"timeout":5000}]
STDOUT 1430: true
STDIN 1430: ["reduce",["function (keys, values) { return sum(values); };"],[[[30,"30"],30]]]
STDOUT 1430: [true,[30]]
STDIN 1430: ["reset",{"reduce_limit":true,"timeout":5000}]
STDOUT 1430: true
STDIN 1430: ["reduce",["function (keys, values) { return sum(values); };"],[[[15,"15"],15]]]
STDOUT 1430: [true,[15]]
STDIN 1430: ["reset",{"reduce_limit":true,"timeout":5000}]
STDOUT 1430: true
STDIN 1430: ["reduce",["function (keys, values) { return sum(values); };"],[[[37,"37"],37]]]
STDOUT 1430: [true,[37]]
STDIN 1430: ["reset",{"reduce_limit":true,"timeout":5000}]
STDOUT 1430: true
STDIN 1430: ["reduce",["function (keys, values) { return sum(values); };"],[[[50,"50"],50]]]
STDOUT 1430: [true,[50]]
STDIN 1430: ["reset",{"reduce_limit":true,"timeout":5000}]
STDOUT 1430: true
STDIN 1430: ["reduce",["function (keys, values) { return sum(values); };"],[[[10,"10"],10]]]
STDOUT 1430: [true,[10]]
STDIN 1430: ["reset",{"reduce_limit":true,"timeout":5000}]
STDOUT 1430: true
STDIN 1430: ["reduce",["function (keys, values) { return sum(values); };"],[[[15,"15"],15]]]
STDOUT 1430: [true,[15]]
STDIN 1430: ["reset",{"reduce_limit":true,"timeout":5000}]
STDOUT 1430: true
STDIN 1430: ["reduce",["function (keys, values) { return sum(values); };"],[[[30,"30"],30]]]
STDOUT 1430: [true,[30]]
STDIN 1430: ["reset",{"reduce_limit":true,"timeout":5000}]
STDOUT 1430: true
STDIN 1430: ["reduce",["function (keys, values) { return sum(values); };"],[[[37,"37"],37]]]
STDOUT 1430: [true,[37]]
STDIN 1430: ["reset",{"reduce_limit":true,"timeout":5000}]
STDOUT 1430: true
STDIN 1430: ["reduce",["function (keys, values) { return sum(values); };"],[[[50,"50"],50]]]
STDOUT 1430: [true,[50]]
Exit 1430
